<?xml version="1.0" encoding="UTF-8"?>
<!-- Generated by org.testng.reporters.JUnitXMLReporter -->
<testsuite hostname="WINDOWS-VF7LMKM" ignored="0" name="Pending_leave_request_testcases" tests="1" failures="1" timestamp="2021-07-04T09:17:15 IST" time="0.184" errors="0">
  <testcase name="verifypendingleaverequest" time="0.086" classname="Testcases.Pending_leave_request_testcases">
    <failure type="java.lang.NullPointerException">
      <![CDATA[java.lang.NullPointerException
at org.openqa.selenium.support.pagefactory.DefaultElementLocator.findElement(DefaultElementLocator.java:69)
at org.openqa.selenium.support.pagefactory.internal.LocatingElementHandler.invoke(LocatingElementHandler.java:38)
at com.sun.proxy.$Proxy9.sendKeys(Unknown Source)
at Testcases.Pending_leave_request_testcases.login(Pending_leave_request_testcases.java:15)
at Testcases.Pending_leave_request_testcases.verifypendingleaverequest(Pending_leave_request_testcases.java:31)
at java.util.ArrayList.forEach(ArrayList.java:1249)
... Removed 27 stack frames]]>
    </failure>
  </testcase> <!-- verifypendingleaverequest -->
</testsuite> <!-- Pending_leave_request_testcases -->
