<?xml version="1.0" encoding="UTF-8"?>
<!-- Generated by org.testng.reporters.JUnitXMLReporter -->
<testsuite hostname="WINDOWS-VF7LMKM" ignored="2" name="Pending leave request testcases" tests="3" failures="2" timestamp="2021-07-05T22:30:55 IST" time="88.816" errors="0">
  <testcase name="verifypendingleaverequest" time="19.392" classname="Testcases.Pending_leave_request_testcases"/>
  <testcase name="checkuserRole" time="69.308" classname="Testcases.User_Role_testcase">
    <failure type="java.lang.NullPointerException">
      <![CDATA[java.lang.NullPointerException
at org.openqa.selenium.support.pagefactory.internal.LocatingElementHandler.invoke(LocatingElementHandler.java:51)
at com.sun.proxy.$Proxy9.getTagName(Unknown Source)
at org.openqa.selenium.support.ui.Select.<init>(Select.java:44)
at Testcases.User_Role_testcase.Select_UserRole(User_Role_testcase.java:31)
at Testcases.User_Role_testcase.checkuserRole(User_Role_testcase.java:50)
at java.util.ArrayList.forEach(ArrayList.java:1249)
... Removed 31 stack frames]]>
    </failure>
  </testcase> <!-- checkuserRole -->
  <testcase name="checkuserRole" time="69.334" classname="Testcases.User_Role_testcase">
    <failure type="java.lang.NullPointerException">
      <![CDATA[java.lang.NullPointerException
at ExtentReport.ListenersImplementation.onTestFailure(ListenersImplementation.java:49)
at java.util.ArrayList.forEach(ArrayList.java:1249)
... Removed 24 stack frames]]>
    </failure>
  </testcase> <!-- checkuserRole -->
  <testcase name="@AfterSuite teardown" time="0.0" classname="Testcases.Common_functions">
    <ignored/>
  </testcase> <!-- @AfterSuite teardown -->
  <testcase name="@BeforeSuite lauchBrowser" time="0.0" classname="Testcases.Common_functions">
    <ignored/>
  </testcase> <!-- @BeforeSuite lauchBrowser -->
</testsuite> <!-- Pending leave request testcases -->
