<?xml version="1.0" encoding="UTF-8"?>
<!-- Generated by org.testng.reporters.JUnitXMLReporter -->
<testsuite hostname="WINDOWS-VF7LMKM" ignored="0" name="Verifying User Role testcase" tests="1" failures="1" timestamp="2021-07-06T07:04:48 IST" time="3.756" errors="0">
  <testcase name="checkuserRole" time="3.554" classname="Testcases.User_Role_testcase">
    <failure type="java.lang.AssertionError" message="expected [false] but found [true]">
      <![CDATA[java.lang.AssertionError: expected [false] but found [true]
at Testcases.User_Role_testcase.checkuserRole(User_Role_testcase.java:67)
at java.util.ArrayList.forEach(ArrayList.java:1249)
... Removed 31 stack frames]]>
    </failure>
  </testcase> <!-- checkuserRole -->
</testsuite> <!-- Verifying User Role testcase -->
