<?xml version="1.0" encoding="UTF-8"?>
<!-- Generated by org.testng.reporters.JUnitXMLReporter -->
<testsuite hostname="WINDOWS-VF7LMKM" ignored="2" name="Verifying Pending leave request testcase" tests="2" failures="0" timestamp="2021-07-06T08:20:52 IST" time="0.115" errors="0">
  <testcase name="@BeforeSuite lauchBrowser" time="1.481" classname="Testcases.Common_functions">
    <failure type="org.openqa.selenium.WebDriverException" message="java.nio.file.FileSystemException: C:\Users\DELL\AppData\Local\Temp\new-session8194101503766402288.json: The process cannot access the file because it is being used by another process.

Build info: version: &amp;apos;3.5.3&amp;apos;, revision: &amp;apos;a88d25fe6b&amp;apos;, time: &amp;apos;2017-08-29T12:42:44.417Z&amp;apos;
System info: host: &amp;apos;WINDOWS-VF7LMKM&amp;apos;, ip: &amp;apos;192.168.139.1&amp;apos;, os.name: &amp;apos;Windows 10&amp;apos;, os.arch: &amp;apos;amd64&amp;apos;, os.version: &amp;apos;10.0&amp;apos;, java.version: &amp;apos;1.8.0_74&amp;apos;
Driver info: driver.version: ChromeDriver">
      <![CDATA[org.openqa.selenium.WebDriverException: java.nio.file.FileSystemException: C:\Users\DELL\AppData\Local\Temp\new-session8194101503766402288.json: The process cannot access the file because it is being used by another process.

Build info: version: '3.5.3', revision: 'a88d25fe6b', time: '2017-08-29T12:42:44.417Z'
System info: host: 'WINDOWS-VF7LMKM', ip: '192.168.139.1', os.name: 'Windows 10', os.arch: 'amd64', os.version: '10.0', java.version: '1.8.0_74'
Driver info: driver.version: ChromeDriver
at org.openqa.selenium.remote.service.DriverCommandExecutor.execute(DriverCommandExecutor.java:91)
at org.openqa.selenium.remote.RemoteWebDriver.execute(RemoteWebDriver.java:646)
at org.openqa.selenium.remote.RemoteWebDriver.startSession(RemoteWebDriver.java:255)
at org.openqa.selenium.remote.RemoteWebDriver.startSession(RemoteWebDriver.java:237)
at org.openqa.selenium.remote.RemoteWebDriver.<init>(RemoteWebDriver.java:138)
at org.openqa.selenium.chrome.ChromeDriver.<init>(ChromeDriver.java:178)
at org.openqa.selenium.chrome.ChromeDriver.<init>(ChromeDriver.java:167)
at org.openqa.selenium.chrome.ChromeDriver.<init>(ChromeDriver.java:124)
at Testcases.Common_functions.lauchBrowser(Common_functions.java:109)
Caused by: java.nio.file.FileSystemException: C:\Users\DELL\AppData\Local\Temp\new-session8194101503766402288.json: The process cannot access the file because it is being used by another process.

at sun.nio.fs.WindowsException.translateToIOException(WindowsException.java:86)
at sun.nio.fs.WindowsException.rethrowAsIOException(WindowsException.java:97)
at sun.nio.fs.WindowsException.rethrowAsIOException(WindowsException.java:102)
at sun.nio.fs.WindowsFileSystemProvider.newByteChannel(WindowsFileSystemProvider.java:230)
at java.nio.file.spi.FileSystemProvider.newOutputStream(FileSystemProvider.java:434)
at java.nio.file.Files.newOutputStream(Files.java:216)
at java.nio.file.Files.newBufferedWriter(Files.java:2860)
at org.openqa.selenium.remote.ProtocolHandshake.createSession(ProtocolHandshake.java:114)
at org.openqa.selenium.remote.HttpCommandExecutor.execute(HttpCommandExecutor.java:142)
at org.openqa.selenium.remote.service.DriverCommandExecutor.execute(DriverCommandExecutor.java:82)
... 27 more
... Removed 19 stack frames]]>
    </failure>
  </testcase> <!-- @BeforeSuite lauchBrowser -->
  <testcase name="verifypendingleaverequest" time="0.0" classname="Testcases.Pending_leave_request_testcases">
    <skipped/>
  </testcase> <!-- verifypendingleaverequest -->
  <testcase name="checkuserRole" time="0.0" classname="Testcases.User_Role_testcase">
    <skipped/>
  </testcase> <!-- checkuserRole -->
  <testcase name="@AfterSuite teardown" time="0.0" classname="Testcases.Common_functions">
    <ignored/>
  </testcase> <!-- @AfterSuite teardown -->
  <testcase name="@BeforeSuite lauchBrowser" time="0.0" classname="Testcases.Common_functions">
    <ignored/>
  </testcase> <!-- @BeforeSuite lauchBrowser -->
</testsuite> <!-- Verifying Pending leave request testcase -->
